<?xml version="1.0" encoding="UTF-8"?>
<testng-results ignored="0" total="2" passed="2" failed="0" skipped="0">
  <reporter-output>
  </reporter-output>
  <suite started-at="2022-12-22T19:04:07 IST" name="Suite" finished-at="2022-12-22T19:04:43 IST" duration-ms="35447">
    <groups>
    </groups>
    <test started-at="2022-12-22T19:04:07 IST" name="Test" finished-at="2022-12-22T19:04:43 IST" duration-ms="35447">
      <class name="com.TestJava.TC_LoginPG">
        <test-method signature="loginpagetest()[pri:0, instance:com.TestJava.TC_LoginPG@510f3d34]" started-at="2022-12-22T19:04:08 IST" name="loginpagetest" finished-at="2022-12-22T19:04:26 IST" duration-ms="18303" status="PASS">
          <reporter-output>
          </reporter-output>
        </test-method> <!-- loginpagetest -->
        <test-method is-config="true" signature="closedriver()[pri:0, instance:com.TestJava.TC_LoginPG@510f3d34]" started-at="2022-12-22T19:04:26 IST" name="closedriver" finished-at="2022-12-22T19:04:27 IST" duration-ms="787" status="PASS">
          <reporter-output>
          </reporter-output>
        </test-method> <!-- closedriver -->
        <test-method signature="signInTest()[pri:0, instance:com.TestJava.TC_LoginPG@510f3d34]" started-at="2022-12-22T19:04:27 IST" name="signInTest" finished-at="2022-12-22T19:04:42 IST" duration-ms="15538" status="PASS">
          <reporter-output>
          </reporter-output>
        </test-method> <!-- signInTest -->
        <test-method is-config="true" signature="closedriver()[pri:0, instance:com.TestJava.TC_LoginPG@510f3d34]" started-at="2022-12-22T19:04:42 IST" name="closedriver" finished-at="2022-12-22T19:04:43 IST" duration-ms="480" status="PASS">
          <reporter-output>
          </reporter-output>
        </test-method> <!-- closedriver -->
      </class> <!-- com.TestJava.TC_LoginPG -->
    </test> <!-- Test -->
  </suite> <!-- Suite -->
</testng-results>
